C:\CANA\VS2010\GETCPU\AU3_WAITUNTILIDLE\RELEASE\AU3PLUGIN.OBJ
C:\cana\vs2010\GetCPU\Au3_WaitUntilIdle\Release\cl.command.1.tlog
C:\cana\vs2010\GetCPU\Au3_WaitUntilIdle\Release\CL.read.1.tlog
C:\cana\vs2010\GetCPU\Au3_WaitUntilIdle\Release\CL.write.1.tlog
C:\CANA\VS2010\GETCPU\AU3_WAITUNTILIDLE\RELEASE\CPU.OBJ
C:\CANA\VS2010\GETCPU\AU3_WAITUNTILIDLE\RELEASE\DLLMAIN.OBJ
C:\cana\vs2010\GetCPU\Au3_WaitUntilIdle\Release\link.command.1.tlog
C:\cana\vs2010\GetCPU\Au3_WaitUntilIdle\Release\link.read.1.tlog
C:\cana\vs2010\GetCPU\Au3_WaitUntilIdle\Release\link.write.1.tlog
C:\cana\vs2010\GetCPU\Au3_WaitUntilIdle\Release\mt.command.1.tlog
C:\cana\vs2010\GetCPU\Au3_WaitUntilIdle\Release\mt.read.1.tlog
C:\cana\vs2010\GetCPU\Au3_WaitUntilIdle\Release\mt.write.1.tlog
C:\CANA\VS2010\GETCPU\AU3_WAITUNTILIDLE\RELEASE\OPBM.DLL.INTERMEDIATE.MANIFEST
C:\CANA\VS2010\GETCPU\AU3_WAITUNTILIDLE\RELEASE\OPBM.OBJ
C:\CANA\VS2010\GETCPU\AU3_WAITUNTILIDLE\RELEASE\OPBM.PCH
C:\cana\vs2010\GetCPU\Au3_WaitUntilIdle\Release\opbm.write.1.tlog
C:\CANA\VS2010\GETCPU\AU3_WAITUNTILIDLE\RELEASE\STDAFX.OBJ
C:\CANA\VS2010\GETCPU\AU3_WAITUNTILIDLE\RELEASE\VC90.PDB
C:\CANA\VS2010\GETCPU\RELEASE\OPBM.DLL
C:\cana\vs2010\GetCPU\Release\opbm.exp
C:\cana\vs2010\GetCPU\Release\opbm.lib
C:\CANA\VS2010\GETCPU\RELEASE\OPBM.PDB
