C:\CANA\VS2010\GETCPU\AU3_WAITUNTILIDLE\DEBUG\AU3PLUGIN.OBJ
C:\cana\vs2010\GetCPU\Au3_WaitUntilIdle\Debug\cl.command.1.tlog
C:\cana\vs2010\GetCPU\Au3_WaitUntilIdle\Debug\CL.read.1.tlog
C:\cana\vs2010\GetCPU\Au3_WaitUntilIdle\Debug\CL.write.1.tlog
C:\CANA\VS2010\GETCPU\AU3_WAITUNTILIDLE\DEBUG\CPU.OBJ
C:\CANA\VS2010\GETCPU\AU3_WAITUNTILIDLE\DEBUG\DLLMAIN.OBJ
C:\cana\vs2010\GetCPU\Au3_WaitUntilIdle\Debug\link.6916.read.1.tlog
C:\cana\vs2010\GetCPU\Au3_WaitUntilIdle\Debug\link.6916.write.1.tlog
C:\cana\vs2010\GetCPU\Au3_WaitUntilIdle\Debug\link.6916-cvtres.read.1.tlog
C:\cana\vs2010\GetCPU\Au3_WaitUntilIdle\Debug\link.6916-cvtres.write.1.tlog
C:\cana\vs2010\GetCPU\Au3_WaitUntilIdle\Debug\link.command.1.tlog
C:\cana\vs2010\GetCPU\Au3_WaitUntilIdle\Debug\link.read.1.tlog
C:\cana\vs2010\GetCPU\Au3_WaitUntilIdle\Debug\link.write.1.tlog
C:\cana\vs2010\GetCPU\Au3_WaitUntilIdle\Debug\link-cvtres.read.1.tlog
C:\cana\vs2010\GetCPU\Au3_WaitUntilIdle\Debug\link-cvtres.write.1.tlog
C:\cana\vs2010\GetCPU\Au3_WaitUntilIdle\Debug\mt.command.1.tlog
C:\cana\vs2010\GetCPU\Au3_WaitUntilIdle\Debug\mt.read.1.tlog
C:\cana\vs2010\GetCPU\Au3_WaitUntilIdle\Debug\mt.write.1.tlog
C:\CANA\VS2010\GETCPU\AU3_WAITUNTILIDLE\DEBUG\OPBM.DLL.EMBED.MANIFEST
C:\CANA\VS2010\GETCPU\AU3_WAITUNTILIDLE\DEBUG\OPBM.DLL.EMBED.MANIFEST.RES
C:\CANA\VS2010\GETCPU\AU3_WAITUNTILIDLE\DEBUG\OPBM.DLL.INTERMEDIATE.MANIFEST
C:\CANA\VS2010\GETCPU\AU3_WAITUNTILIDLE\DEBUG\OPBM.OBJ
C:\CANA\VS2010\GETCPU\AU3_WAITUNTILIDLE\DEBUG\OPBM.PCH
C:\cana\vs2010\GetCPU\Au3_WaitUntilIdle\Debug\opbm.write.1.tlog
C:\cana\vs2010\GetCPU\Au3_WaitUntilIdle\Debug\opbm_manifest.rc
C:\cana\vs2010\GetCPU\Au3_WaitUntilIdle\Debug\rc.command.1.tlog
C:\cana\vs2010\GetCPU\Au3_WaitUntilIdle\Debug\rc.read.1.tlog
C:\cana\vs2010\GetCPU\Au3_WaitUntilIdle\Debug\rc.write.1.tlog
C:\CANA\VS2010\GETCPU\AU3_WAITUNTILIDLE\DEBUG\STDAFX.OBJ
C:\cana\vs2010\GetCPU\Au3_WaitUntilIdle\Debug\vc100.idb
C:\CANA\VS2010\GETCPU\AU3_WAITUNTILIDLE\DEBUG\VC100.PDB
C:\CANA\VS2010\GETCPU\DEBUG\OPBM.DLL
C:\cana\vs2010\GetCPU\Debug\opbm.exp
C:\CANA\VS2010\GETCPU\DEBUG\OPBM.ILK
C:\cana\vs2010\GetCPU\Debug\opbm.lib
C:\CANA\VS2010\GETCPU\DEBUG\OPBM.PDB
