Build started 7/25/2011 10:19:15 PM.
     1>Project "C:\cana\vs2010\GetCPU\Au3_WaitUntilIdle\Au3_WaitUntilIdle.vcxproj" on node 2 (rebuild target(s)).
     1>_PrepareForClean:
         Deleting file "x64\Release\opbm.lastbuildstate".
       InitializeBuildStatus:
         Touching "x64\Release\opbm.unsuccessfulbuild".
       ClCompile:
         C:\Program Files (x86)\Microsoft Visual Studio 10.0\VC\bin\x86_amd64\CL.exe /c /Zi /nologo /W3 /WX- /O2 /Oi /GL /D WIN32 /D NDEBUG /D _WINDOWS /D _USRDLL /D AU3_WAITUNTILIDLE_EXPORTS /D _WINDLL /D _UNICODE /D UNICODE /Gm- /EHsc /MT /GS /Gy /fp:precise /Zc:wchar_t /Zc:forScope /Yc"StdAfx.h" /Fp"x64\Release\opbm.pch" /Fo"x64\Release\\" /Fd"x64\Release\vc100.pdb" /Gd /TP /errorReport:prompt stdafx.cpp
         stdafx.cpp
         C:\Program Files (x86)\Microsoft Visual Studio 10.0\VC\bin\x86_amd64\CL.exe /c /Zi /nologo /W3 /WX- /O2 /Oi /GL /D WIN32 /D NDEBUG /D _WINDOWS /D _USRDLL /D AU3_WAITUNTILIDLE_EXPORTS /D _WINDLL /D _UNICODE /D UNICODE /Gm- /EHsc /MT /GS /Gy /fp:precise /Zc:wchar_t /Zc:forScope /Fo"x64\Release\\" /Fd"x64\Release\vc100.pdb" /Gd /TP /errorReport:prompt ..\GetCPU\CPU.cpp au3\au3plugin.cpp opbm.cpp
         CPU.cpp
         au3plugin.cpp
         opbm.cpp
         C:\Program Files (x86)\Microsoft Visual Studio 10.0\VC\bin\x86_amd64\CL.exe /c /Zi /nologo /W3 /WX- /O2 /Oi /GL /D WIN32 /D NDEBUG /D _WINDOWS /D _USRDLL /D AU3_WAITUNTILIDLE_EXPORTS /D _WINDLL /D _UNICODE /D UNICODE /Gm- /EHsc /MT /GS /Gy /fp:precise /Zc:wchar_t /Zc:forScope /Fo"x64\Release\\" /Fd"x64\Release\vc100.pdb" /Gd /TP /errorReport:prompt dllmain.cpp
         dllmain.cpp
       Link:
         C:\Program Files (x86)\Microsoft Visual Studio 10.0\VC\bin\x86_amd64\link.exe /ERRORREPORT:PROMPT /OUT:"C:\cana\vs2010\GetCPU\x64\Release\opbm.dll" /INCREMENTAL:NO /NOLOGO kernel32.lib user32.lib gdi32.lib winspool.lib comdlg32.lib advapi32.lib shell32.lib ole32.lib oleaut32.lib uuid.lib odbc32.lib odbccp32.lib /MANIFEST /ManifestFile:"x64\Release\opbm.dll.intermediate.manifest" /MANIFESTUAC:"level='asInvoker' uiAccess='false'" /DEBUG /PDB:"C:\cana\vs2010\GetCPU\x64\Release\opbm.pdb" /SUBSYSTEM:WINDOWS /OPT:REF /OPT:ICF /LTCG /TLBID:1 /DYNAMICBASE /NXCOMPAT /IMPLIB:"C:\cana\vs2010\GetCPU\x64\Release\opbm.lib" /MACHINE:X64 /DLL x64\Release\CPU.obj
         x64\Release\au3plugin.obj
         x64\Release\opbm.obj
         x64\Release\dllmain.obj
         x64\Release\stdafx.obj
            Creating library C:\cana\vs2010\GetCPU\x64\Release\opbm.lib and object C:\cana\vs2010\GetCPU\x64\Release\opbm.exp
         Generating code
         Finished generating code
         Au3_WaitUntilIdle.vcxproj -> C:\cana\vs2010\GetCPU\x64\Release\opbm.dll
       Manifest:
         C:\Program Files (x86)\Microsoft SDKs\Windows\v7.0A\bin\mt.exe /nologo /verbose /outputresource:"C:\cana\vs2010\GetCPU\x64\Release\opbm.dll;#2" /manifest x64\Release\opbm.dll.intermediate.manifest "C:\Program Files (x86)\Microsoft Visual Studio 10.0\VC\Include\Manifest\dpiaware.manifest"
       PostBuildEvent:
         Description: Copy au3_WaitForIdle to common\opbm\dll\
         copy "C:\cana\vs2010\GetCPU\x64\Release\opbm.dll" "C:\cana\java\autoIT\common\opbm\dll\opbm64.dll"
         :VCEnd
                 1 file(s) copied.
       FinalizeBuildStatus:
         Deleting file "x64\Release\opbm.unsuccessfulbuild".
         Touching "x64\Release\opbm.lastbuildstate".
     1>Done Building Project "C:\cana\vs2010\GetCPU\Au3_WaitUntilIdle\Au3_WaitUntilIdle.vcxproj" (rebuild target(s)).

Build succeeded.

Time Elapsed 00:00:03.70
